<?xml version="1.0" encoding="UTF-8"?>
<testsuite name="com.amazon.ata.unittesting.AtaAdditionTest" tests="1" skipped="0" failures="0" errors="0" timestamp="2022-10-27T03:30:27" hostname="MININT-TCFPB5L" time="0.096">
  <properties/>
  <testcase name="add_sumOutOfBounds_throwsArithmeticException()" classname="com.amazon.ata.unittesting.AtaAdditionTest" time="0.096"/>
  <system-out><![CDATA[]]></system-out>
  <system-err><![CDATA[]]></system-err>
</testsuite>
